[00:31:18] [main/INFO]: Loading Minecraft 1.21.10 with Fabric Loader 0.17.3
[00:31:18] [main/INFO]: Loading 35 mods:
	- c2me 0.3.6+alpha.0.3+1.21.10
	   |-- c2me-base 0.3.6+alpha.0.3+1.21.10
	   |-- c2me-client-uncapvd 0.3.6+alpha.0.3+1.21.10
	   |-- c2me-fixes-chunkio-threading-issues 0.3.6+alpha.0.3+1.21.10
	   |-- c2me-fixes-general-threading-issues 0.3.6+alpha.0.3+1.21.10
	   |-- c2me-fixes-worldgen-threading-issues 0.3.6+alpha.0.3+1.21.10
	   |-- c2me-fixes-worldgen-vanilla-bugs 0.3.6+alpha.0.3+1.21.10
	   |-- c2me-notickvd 0.3.6+alpha.0.3+1.21.10
	   |-- c2me-opts-allocs 0.3.6+alpha.0.3+1.21.10
	   |-- c2me-opts-chunkio 0.3.6+alpha.0.3+1.21.10
	   |-- c2me-opts-dfc 0.3.6+alpha.0.3+1.21.10
	   |-- c2me-opts-math 0.3.6+alpha.0.3+1.21.10
	   |-- c2me-opts-scheduling 0.3.6+alpha.0.3+1.21.10
	   |-- c2me-opts-worldgen-general 0.3.6+alpha.0.3+1.21.10
	   |-- c2me-opts-worldgen-vanilla 0.3.6+alpha.0.3+1.21.10
	   |-- c2me-rewrites-chunk-serializer 0.3.6+alpha.0.3+1.21.10
	   |-- c2me-rewrites-chunk-system 0.3.6+alpha.0.3+1.21.10
	   |-- c2me-rewrites-chunkio 0.3.6+alpha.0.3+1.21.10
	   |-- c2me-server-utils 0.3.6+alpha.0.3+1.21.10
	   |-- c2me-threading-lighting 0.3.6+alpha.0.3+1.21.10
	   |-- com_electronwill_night-config_core 3.6.5
	   |-- com_electronwill_night-config_toml 3.6.5
	   |-- com_ibm_async_asyncutil 0.1.0
	   |-- io_reactivex_rxjava3_rxjava 3.1.12
	   |-- mixinsquared 0.2.0-beta.6
	   |-- net_objecthunter_exp4j 0.4.8
	   |-- org_jctools_jctools-core 4.0.5
	   \-- org_reactivestreams_reactive-streams 1.0.4
	- fabricloader 0.17.3
	   \-- mixinextras 0.5.0
	- ferritecore 8.0.0
	- java 21
	- krypton 0.2.10
	   \-- com_velocitypowered_velocity-native 3.4.0-SNAPSHOT
	- lithium 0.20.0+mc1.21.10
	- minecraft 1.21.10
[00:31:18] [main/INFO]: SpongePowered MIXIN Subsystem Version=0.8.7 Source=file:/data/libraries/net/fabricmc/sponge-mixin/0.16.5+mixin.0.8.7/sponge-mixin-0.16.5+mixin.0.8.7.jar Service=Knot/Fabric Env=SERVER
[00:31:18] [main/INFO]: Compatibility level set to JAVA_16
[00:31:18] [main/INFO]: Compatibility level set to JAVA_17
[00:31:18] [main/INFO]: Compatibility level set to JAVA_21
[00:31:18] [main/INFO]: Initializing com.ishland.c2me.base.mixin
[00:31:19] [main/INFO]: Global Executor Parallelism: 3 configured, 3 evaluated, 3 default evaluated
[00:31:19] [main/INFO]: Initializing com.ishland.c2me.fixes.chunkio.threading_issues.mixin
[00:31:19] [main/INFO]: Initializing com.ishland.c2me.fixes.general.threading_issues.mixin
[00:31:19] [main/INFO]: Initializing com.ishland.c2me.fixes.worldgen.threading_issues.mixin
[00:31:19] [main/INFO]: Initializing com.ishland.c2me.fixes.worldgen.vanilla_bugs.mixin
[00:31:19] [main/INFO]: Initializing com.ishland.c2me.notickvd.mixin
[00:31:19] [main/INFO]: Initializing com.ishland.c2me.opts.allocs.mixin
[00:31:19] [main/INFO]: Initializing com.ishland.c2me.opts.chunkio.mixin
[00:31:19] [main/INFO]: Initializing com.ishland.c2me.opts.dfc.mixin
[00:31:19] [main/INFO]: Initializing com.ishland.c2me.opts.math.mixin
[00:31:19] [main/INFO]: Initializing com.ishland.c2me.opts.scheduling.mixin
[00:31:19] [main/INFO]: Initializing com.ishland.c2me.opts.worldgen.general.mixin
[00:31:19] [main/INFO]: Initializing com.ishland.c2me.opts.worldgen.vanilla.mixin
[00:31:19] [main/INFO]: Initializing com.ishland.c2me.rewrites.chunk_serializer.mixin
[00:31:19] [main/INFO]: Disabling com.ishland.c2me.rewrites.chunk_serializer.mixin
[00:31:19] [main/INFO]: Initializing com.ishland.c2me.rewrites.chunksystem.mixin
[00:31:19] [main/INFO]: Initializing com.ishland.c2me.rewrites.chunkio.mixin
[00:31:19] [main/INFO]: Initializing com.ishland.c2me.server.utils.mixin
[00:31:19] [main/INFO]: Initializing com.ishland.c2me.threading.lighting.mixin
[00:31:19] [main/WARN]: Mod 'ferritecore' attempted to override option 'mixin.alloc.blockstate', which doesn't exist, ignoring
[00:31:19] [main/INFO]: Loaded configuration file for Lithium: 163 options available, 0 override(s) found.
[00:31:19] [main/WARN]: Error loading class: net/fabricmc/fabric/impl/base/event/ArrayBackedEvent (java.lang.ClassNotFoundException: net/fabricmc/fabric/impl/base/event/ArrayBackedEvent)
[00:31:19] [main/WARN]: @Mixin target net.fabricmc.fabric.impl.base.event.ArrayBackedEvent was not found c2me-base.mixins.json:access.fapi.IArrayBackedEvent from mod c2me-base
[00:31:19] [main/WARN]: Error loading class: ca/spottedleaf/starlight/common/thread/SchedulingUtil (java.lang.ClassNotFoundException: ca/spottedleaf/starlight/common/thread/SchedulingUtil)
[00:31:20] [main/INFO]: Initializing MixinExtras via com.llamalad7.mixinextras.service.MixinExtrasServiceImpl(version=0.5.0).
[00:31:27] [main/INFO]: Compression will use libdeflate (Linux x86_64), encryption will use OpenSSL 3.x.x (Linux x86_64)
[00:31:27] [main/INFO]: Krypton is now accelerating your Minecraft server's networking stack 🚀
[00:31:27] [main/WARN]: You specified a resource pack without providing a sha1 hash. Pack will be updated on the client only if you change the name of the pack.
[00:31:27] [main/WARN]: resource-pack-id missing, using default of 9d6f0777-7132-3092-93f4-395e95d36a45
[00:31:27] [main/INFO]: Environment: Environment[sessionHost=https://sessionserver.mojang.com, servicesHost=https://api.minecraftservices.com, profilesHost=https://api.mojang.com, name=PROD]
[00:31:28] [main/ERROR]: Couldn't load file/Shield Progression.zip pack metadata: Pack declares support for version newer than 81, but is missing mandatory fields min_format and max_format
[00:31:28] [main/ERROR]: Couldn't load file/Stellarity-5.1.1.zip pack metadata: Pack key supported_formats is deprecated starting from pack format 82. Remove supported_formats from your pack.mcmeta.
[00:31:28] [main/ERROR]: Couldn't load file/Katters Structures.zip pack metadata: Pack declares support for version newer than 81, but is missing mandatory fields min_format and max_format
[00:31:28] [main/ERROR]: Couldn't load file/Training_Dummy-Datapack-v1.1.3.zip pack metadata: Pack key supported_formats is deprecated starting from pack format 82. Remove supported_formats from your pack.mcmeta.
[00:31:28] [main/INFO]: Found non-pack entry './world/datapacks/tree-cut', ignoring
[00:31:28] [main/WARN]: Non [a-z0-9_.-] character in namespace .DS_Store in pack ./world/datapacks/Health-2.0.0.zip, ignoring
[00:31:28] [main/WARN]: Non [a-z0-9_.-] character in namespace .DS_Store in pack ./world/datapacks/Health-2.0.0.zip, ignoring
[00:31:32] [Worker-Main-3/ERROR]: Couldn't parse data file 'mm:entities/diamond' from 'mm:loot_table/entities/diamond.json': DataResult.Error['Failed to parse either. First: Failed to parse either. First: Not a number: {"min":1}; Second: Failed to parse either. First: Input does not contain a key [type]: MapLike[{"min":1}]; Second: No key max in MapLike[{"min":1}]; Second: Not a json array: {"function":"set_count","count":{"min":1}}': net.minecraft.class_52@868f2d0]
[00:31:32] [Worker-Main-3/ERROR]: Couldn't parse data file 'mm:rando' from 'mm:loot_table/rando.json': DataResult.Error['Unknown element name:addition; Unknown registry key in ResourceKey[minecraft:root / minecraft:attribute]: minecraft:random; No key id in MapLike[{"name":"random","attribute":"random","operation":"addition","slot":"mainhand","amount":{"type":"minecraft:uniform","min":-2147483648,"max":2147483647}}]': net.minecraft.class_52@4c8e9d7e]
[00:31:32] [Worker-Main-3/WARN]: Found loot table element validation problem in {minecraft:blocks/pitcher_crop@minecraft:loot_table}.pools[1].entries[0]->{infinity_cave:custom_items/frostpale_plant@minecraft:loot_table}.pools[0].entries[0]: Unreachable entry!
[00:31:32] [Worker-Main-3/WARN]: Found loot table element validation problem in {effectgems:gem_zombie_gbz@minecraft:loot_table}.pools[1].entries[0]: Missing element apocalypse:zombie/zombie of type minecraft:loot_table
[00:31:32] [Worker-Main-3/WARN]: Found loot table element validation problem in {infinity_cave:custom_items/frostpale_plant@minecraft:loot_table}.pools[0].entries[0]: Unreachable entry!
[00:31:34] [main/INFO]: Loaded 1842 recipes
[00:31:34] [main/INFO]: Loaded 2137 advancements
[00:31:35] [Server thread/INFO]: Starting minecraft server version 1.21.10
[00:31:35] [Server thread/INFO]: Loading properties
[00:31:35] [Server thread/INFO]: Default game type: SURVIVAL
[00:31:35] [Server thread/INFO]: Generating keypair
[00:31:35] [Server thread/INFO]: Starting Minecraft server on *:25565
[00:31:35] [Server thread/INFO]: Using epoll channel type
[00:31:35] [Server thread/WARN]: **** SERVER IS RUNNING IN OFFLINE/INSECURE MODE!
[00:31:35] [Server thread/WARN]: The server will make no attempt to authenticate usernames. Beware.
[00:31:35] [Server thread/WARN]: While this makes the game possible to play without internet access, it also opens up the ability for hackers to connect with any username they choose.
[00:31:35] [Server thread/WARN]: To change this, set "online-mode" to "true" in the server.properties file.
[00:31:35] [Server thread/INFO]: Preparing level "world"
[00:31:35] [Server thread/INFO]: Enforcing safe world random access
[00:31:36] [Server thread/INFO]: [STDOUT]: Density function compilation finished in 468.6 ms
[00:31:36] [Server thread/INFO]: Using TheSpeedyObjectFactory with Unsafe
[00:31:37] [Server thread/INFO]: [STDOUT]: Density function compilation finished in 269.9 ms
[00:31:37] [Server thread/INFO]: [STDOUT]: Density function compilation finished in 54.18 ms
[00:31:37] [Server thread/INFO]: [STDOUT]: Density function compilation finished in 7.193 ms
[00:31:37] [Server thread/INFO]: Loading 0 persistent chunks...
[00:31:37] [Server thread/INFO]: Preparing spawn area: 100%
[00:31:37] [Server thread/INFO]: Time elapsed: 17 ms
[00:31:37] [Server thread/INFO]: Done (1.835s)! For help, type "help"
[00:31:37] [Server thread/INFO]: Starting remote control listener
[00:31:37] [Server thread/INFO]: Thread RCON Listener started
[00:31:37] [Server thread/INFO]: RCON running on 0.0.0.0:25575
[00:31:40] [Server thread/INFO]: [Not Secure] [Server] Veinminer-Enchantment Loaded
[00:31:40] [Server thread/INFO]: [Not Secure] [Server] Please note: This is an addon, Veinminer needs to be installed too (https://modrinth.com/project/veinminer)
[00:31:41] [Server thread/WARN]: Can't keep up! Is the server overloaded? Running 3596ms or 71 ticks behind
[00:32:40] [Server thread/INFO]: Server empty for 60 seconds, pausing
[00:35:06] [Server thread/INFO]: Mabe1y[/101.108.198.241:59172] logged in with entity id 1569 at (-507.4347000772978, 72.0, -378.074030118246)
[00:35:06] [Server thread/INFO]: Mabe1y joined the game
[00:35:09] [Server thread/WARN]: Can't keep up! Is the server overloaded? Running 2000ms or 40 ticks behind
[00:35:35] [Server thread/INFO]: AkalakKruaboon[/180.180.56.125:50329] logged in with entity id 2729 at (-462.92196994868385, 68.0, -347.0323972051258)
[00:35:35] [Server thread/INFO]: AkalakKruaboon joined the game
[00:37:42] [Server thread/INFO]: C_Nes[/49.228.116.20:63517] logged in with entity id 4085 at (-506.65464772756576, 65.0, -381.1342444146732)
[00:37:42] [Server thread/INFO]: C_Nes joined the game
[00:38:03] [Server thread/INFO]: C_Nes has completed the challenge [Cover Me in Debris]
[00:38:46] [Server thread/INFO]: AkalakKruaboon lost connection: Disconnected
[00:38:46] [Server thread/INFO]: AkalakKruaboon left the game
[00:40:32] [Server thread/INFO]: AkalakKruaboon[/180.180.56.125:57308] logged in with entity id 5312 at (-525.5, 65.5625, -362.5)
[00:40:32] [Server thread/INFO]: AkalakKruaboon joined the game
[00:42:00] [Server thread/INFO]: Mabe1y lost connection: Disconnected
[00:42:00] [Server thread/INFO]: Mabe1y left the game
[00:42:08] [RCON Listener #1/INFO]: Thread RCON Client /0:0:0:0:0:0:0:1 started
[00:42:08] [Server thread/INFO]: [Rcon: Stopping the server]
[00:42:08] [RCON Client /0:0:0:0:0:0:0:1 #2/INFO]: Thread RCON Client /0:0:0:0:0:0:0:1 shutting down
[00:42:08] [Server thread/INFO]: Stopping server
[00:42:08] [Server thread/INFO]: Saving players
[00:42:08] [Server thread/INFO]: C_Nes lost connection: Server closed
[00:42:08] [Server thread/INFO]: C_Nes left the game
[00:42:08] [Server thread/INFO]: Saving worlds
[00:42:08] [Server thread/INFO]: ServerLevel[world]/minecraft:overworld: waiting for 3111 chunks to unload
[00:42:09] [Server thread/INFO]: Saving chunks for level 'ServerLevel[world]'/minecraft:overworld
[00:42:09] [Server thread/INFO]: Saving chunks for level 'ServerLevel[world]'/minecraft:the_end
[00:42:09] [Server thread/INFO]: Saving chunks for level 'ServerLevel[world]'/kattersstructures:deep_blue
[00:42:09] [Server thread/INFO]: Saving chunks for level 'ServerLevel[world]'/minecraft:the_nether
[00:42:09] [Server thread/INFO]: ThreadedAnvilChunkStorage (world): All chunks are saved
[00:42:09] [Server thread/INFO]: ThreadedAnvilChunkStorage (DIM1): All chunks are saved
[00:42:09] [Server thread/INFO]: ThreadedAnvilChunkStorage (deep_blue): All chunks are saved
[00:42:09] [Server thread/INFO]: ThreadedAnvilChunkStorage (DIM-1): All chunks are saved
[00:42:09] [Server thread/INFO]: ThreadedAnvilChunkStorage: All dimensions are saved
[00:42:09] [C2ME Storage #3/INFO]: Storage thread Thread[#54,C2ME Storage #3,5,main] stopped
[00:42:09] [C2ME Storage #2/INFO]: Storage thread Thread[#53,C2ME Storage #2,5,main] stopped
[00:42:09] [C2ME Storage #1/INFO]: Storage thread Thread[#52,C2ME Storage #1,5,main] stopped
[00:42:09] [C2ME Storage #6/INFO]: Storage thread Thread[#57,C2ME Storage #6,5,main] stopped
[00:42:09] [C2ME Storage #5/INFO]: Storage thread Thread[#56,C2ME Storage #5,5,main] stopped
[00:42:09] [C2ME Storage #4/INFO]: Storage thread Thread[#55,C2ME Storage #4,5,main] stopped
[00:42:09] [C2ME Storage #8/INFO]: Storage thread Thread[#59,C2ME Storage #8,5,main] stopped
[00:42:09] [C2ME Storage #9/INFO]: Storage thread Thread[#60,C2ME Storage #9,5,main] stopped
[00:42:09] [C2ME Storage #7/INFO]: Storage thread Thread[#58,C2ME Storage #7,5,main] stopped
[00:42:09] [C2ME Storage #11/INFO]: Storage thread Thread[#62,C2ME Storage #11,5,main] stopped
[00:42:09] [C2ME Storage #10/INFO]: Storage thread Thread[#61,C2ME Storage #10,5,main] stopped
[00:42:09] [C2ME Storage #12/INFO]: Storage thread Thread[#63,C2ME Storage #12,5,main] stopped
[00:42:09] [Server thread/INFO]: Thread RCON Listener stopped
